<?xml version="1.0" encoding="UTF-8"?>
<!-- Generated by org.testng.reporters.JUnitReportReporter -->
<testsuite skipped="0" hostname="DESKTOP-6MFIES6" name="zTry.Sept8" tests="1" failures="0" timestamp="2020-09-08T15:59:37 EDT" time="12.938" errors="0">
  <testcase name="openNS" time="12.938" classname="zTry.Sept8"/>
  <system-out/>
</testsuite> <!-- zTry.Sept8 -->
