<?xml version="1.0" encoding="UTF-8"?>
<!-- Generated by org.testng.reporters.JUnitReportReporter -->
<testsuite skipped="0" hostname="DESKTOP-6MFIES6" name="zTry.Sept8screenshot" tests="1" failures="0" timestamp="2020-09-10T15:36:51 EDT" time="15.920" errors="0">
  <testcase name="tryScreenShot" time="15.920" classname="zTry.Sept8screenshot"/>
  <system-out/>
</testsuite> <!-- zTry.Sept8screenshot -->
