<?xml version="1.0" encoding="UTF-8"?>
<!-- Generated by org.testng.reporters.JUnitReportReporter -->
<testsuite skipped="0" hostname="DESKTOP-6MFIES6" name="zTry.SetupTest" tests="1" failures="0" timestamp="2020-09-15T15:31:50 EDT" time="19.491" errors="0">
  <testcase name="clicking" time="19.491" classname="zTry.SetupTest"/>
  <system-out/>
</testsuite> <!-- zTry.SetupTest -->
