<?xml version="1.0" encoding="UTF-8"?>
<!-- Generated by org.testng.reporters.JUnitReportReporter -->
<testsuite skipped="0" hostname="DESKTOP-6MFIES6" name="zTry.Sept9ElementUtil" tests="1" failures="0" timestamp="2020-09-10T15:04:40 EDT" time="10.476" errors="0">
  <testcase name="tryUtil" time="10.476" classname="zTry.Sept9ElementUtil"/>
  <system-out/>
</testsuite> <!-- zTry.Sept9ElementUtil -->
